{"O:\\ReactApp\\src\\components\\Heading\\index.tsx": {"path":"O:\\ReactApp\\src\\components\\Heading\\index.tsx","statementMap":{"0":{"start":{"line":1,"column":0},"end":{"line":1,"column":26}},"1":{"start":{"line":2,"column":0},"end":{"line":2,"column":28}},"2":{"start":{"line":4,"column":0},"end":{"line":4,"column":36}},"3":{"start":{"line":15,"column":33},"end":{"line":21,"column":null}},"4":{"start":{"line":23,"column":40},"end":{"line":29,"column":1}},"5":{"start":{"line":23,"column":50},"end":{"line":23,"column":52}},"6":{"start":{"line":23,"column":52},"end":{"line":23,"column":56}},"7":{"start":{"line":23,"column":56},"end":{"line":23,"column":63}},"8":{"start":{"line":23,"column":72},"end":{"line":23,"column":73}},"9":{"start":{"line":24,"column":25},"end":{"line":26,"column":null}},"10":{"start":{"line":28,"column":4},"end":{"line":28,"column":null}},"11":{"start":{"line":31,"column":0},"end":{"line":31,"column":23}}},"fnMap":{"0":{"name":"(anonymous_1)","decl":{"start":{"line":23,"column":40},"end":{"line":23,"column":41}},"loc":{"start":{"line":23,"column":73},"end":{"line":29,"column":1}}}},"branchMap":{"0":{"loc":{"start":{"line":23,"column":58},"end":{"line":23,"column":61}},"type":"cond-expr","locations":[{"start":{"line":23,"column":58},"end":{"line":23,"column":61}},{"start":{"line":23,"column":61},"end":{"line":23,"column":63}}]}},"s":{"0":1,"1":1,"2":1,"3":1,"4":1,"5":3,"6":3,"7":3,"8":3,"9":3,"10":3,"11":1},"f":{"0":3},"b":{"0":[2,1]}}
,"O:\\ReactApp\\src\\utils\\stringToCapitalize.ts": {"path":"O:\\ReactApp\\src\\utils\\stringToCapitalize.ts","statementMap":{"0":{"start":{"line":2,"column":4},"end":{"line":2,"column":null}},"1":{"start":{"line":5,"column":0},"end":{"line":5,"column":null}}},"fnMap":{"0":{"name":"stringToCapitalize","decl":{"start":{"line":1,"column":9},"end":{"line":1,"column":27}},"loc":{"start":{"line":1,"column":40},"end":{"line":3,"column":1}}}},"branchMap":{},"s":{"0":1,"1":1},"f":{"0":1},"b":{}}
}
